<?xml version="1.0" encoding="UTF-8"?>
<testng-results ignored="1" total="15" passed="14" failed="0" skipped="0">
  <reporter-output>
  </reporter-output>
  <suite started-at="2024-09-27T07:16:00 UTC" name="Page Object test example" finished-at="2024-09-27T07:17:26 UTC" duration-ms="86081">
    <groups>
    </groups>
    <test started-at="2024-09-27T07:16:00 UTC" name="test-1" finished-at="2024-09-27T07:17:26 UTC" duration-ms="86081">
      <class name="com.WebOrder.test.WebOrder_Order_Test">
        <test-method is-config="true" signature="SetUp(java.lang.String)[pri:0, instance:com.WebOrder.test.WebOrder_Order_Test@71d44a3]" started-at="2024-09-27T07:16:00 UTC" name="SetUp" finished-at="2024-09-27T07:16:01 UTC" duration-ms="364" status="PASS">
          <params>
            <param index="0">
              <value>
                <![CDATA[chrome]]>
              </value>
            </param>
          </params>
          <reporter-output>
          </reporter-output>
        </test-method> <!-- SetUp -->
        <test-method is-config="true" signature="initializeTestBaseSetup(java.lang.String,java.lang.String)[pri:0, instance:com.WebOrder.test.WebOrder_Order_Test@71d44a3]" started-at="2024-09-27T07:16:01 UTC" name="initializeTestBaseSetup" finished-at="2024-09-27T07:16:03 UTC" duration-ms="2068" status="PASS">
          <params>
            <param index="0">
              <value>
                <![CDATA[chrome]]>
              </value>
            </param>
            <param index="1">
              <value>
                <![CDATA[http://secure.smartbearsoftware.com/samples/TestComplete11/WebOrders/Login.aspx?ReturnUrl=%2fsamples%2fTestComplete11%2fWebOrders%2fDefault.aspx]]>
              </value>
            </param>
          </params>
          <reporter-output>
          </reporter-output>
        </test-method> <!-- initializeTestBaseSetup -->
        <test-method is-config="true" signature="setUp()[pri:0, instance:com.WebOrder.test.WebOrder_Order_Test@71d44a3]" started-at="2024-09-27T07:16:03 UTC" name="setUp" finished-at="2024-09-27T07:16:03 UTC" duration-ms="36" status="PASS">
          <reporter-output>
          </reporter-output>
        </test-method> <!-- setUp -->
        <test-method signature="createAndVerifyOrder(java.lang.String,java.lang.String,java.lang.String,java.lang.String,java.lang.String,java.lang.String,java.lang.String,java.lang.String,java.lang.String,java.lang.String,java.lang.String)[pri:2, instance:com.WebOrder.test.WebOrder_Order_Test@71d44a3]" started-at="2024-09-27T07:16:03 UTC" name="createAndVerifyOrder" description="create and verify new Orders" data-provider="OrdersExcelData" finished-at="2024-09-27T07:16:10 UTC" duration-ms="7475" status="PASS">
          <params>
            <param index="0">
              <value>
                <![CDATA[MyMoney]]>
              </value>
            </param>
            <param index="1">
              <value>
                <![CDATA[1]]>
              </value>
            </param>
            <param index="2">
              <value>
                <![CDATA[Vineet]]>
              </value>
            </param>
            <param index="3">
              <value>
                <![CDATA[123 main St]]>
              </value>
            </param>
            <param index="4">
              <value>
                <![CDATA[Dallas]]>
              </value>
            </param>
            <param index="5">
              <value>
                <![CDATA[ABC]]>
              </value>
            </param>
            <param index="6">
              <value>
                <![CDATA[10101]]>
              </value>
            </param>
            <param index="7">
              <value>
                <![CDATA[Visa]]>
              </value>
            </param>
            <param index="8">
              <value>
                <![CDATA[231232]]>
              </value>
            </param>
            <param index="9">
              <value>
                <![CDATA[12/29]]>
              </value>
            </param>
            <param index="10">
              <value>
                <![CDATA[success]]>
              </value>
            </param>
          </params>
          <reporter-output>
          </reporter-output>
        </test-method> <!-- createAndVerifyOrder -->
        <test-method is-config="true" signature="takeScreenshot(org.testng.ITestResult)[pri:0, instance:com.WebOrder.test.WebOrder_Order_Test@71d44a3]" started-at="2024-09-27T07:16:10 UTC" name="takeScreenshot" finished-at="2024-09-27T07:16:10 UTC" duration-ms="12" status="PASS">
          <params>
            <param index="0">
              <value>
                <![CDATA[[TestResult name=createAndVerifyOrder status=SUCCESS method=WebOrder_Order_Test.createAndVerifyOrder(java.lang.String,java.lang.String,java.lang.String,java.lang.String,java.lang.String,java.lang.String,java.lang.String,java.lang.String,java.lang.String,java.lang.String,java.lang.String)[pri:2, instance:com.WebOrder.test.WebOrder_Order_Test@71d44a3] output={null}]]]>
              </value>
            </param>
          </params>
          <reporter-output>
          </reporter-output>
        </test-method> <!-- takeScreenshot -->
        <test-method signature="createAndVerifyOrder(java.lang.String,java.lang.String,java.lang.String,java.lang.String,java.lang.String,java.lang.String,java.lang.String,java.lang.String,java.lang.String,java.lang.String,java.lang.String)[pri:2, instance:com.WebOrder.test.WebOrder_Order_Test@71d44a3]" started-at="2024-09-27T07:16:10 UTC" name="createAndVerifyOrder" description="create and verify new Orders" data-provider="OrdersExcelData" finished-at="2024-09-27T07:16:17 UTC" duration-ms="6317" status="PASS">
          <params>
            <param index="0">
              <value>
                <![CDATA[ScreenSaver]]>
              </value>
            </param>
            <param index="1">
              <value>
                <![CDATA[34]]>
              </value>
            </param>
            <param index="2">
              <value>
                <![CDATA[Vineet2]]>
              </value>
            </param>
            <param index="3">
              <value>
                <![CDATA[123 main St]]>
              </value>
            </param>
            <param index="4">
              <value>
                <![CDATA[NY City]]>
              </value>
            </param>
            <param index="5">
              <value>
                <![CDATA[ABC]]>
              </value>
            </param>
            <param index="6">
              <value>
                <![CDATA[90909]]>
              </value>
            </param>
            <param index="7">
              <value>
                <![CDATA[Visa]]>
              </value>
            </param>
            <param index="8">
              <value>
                <![CDATA[231232]]>
              </value>
            </param>
            <param index="9">
              <value>
                <![CDATA[12/29]]>
              </value>
            </param>
            <param index="10">
              <value>
                <![CDATA[success]]>
              </value>
            </param>
          </params>
          <reporter-output>
          </reporter-output>
        </test-method> <!-- createAndVerifyOrder -->
        <test-method is-config="true" signature="takeScreenshot(org.testng.ITestResult)[pri:0, instance:com.WebOrder.test.WebOrder_Order_Test@71d44a3]" started-at="2024-09-27T07:16:17 UTC" name="takeScreenshot" finished-at="2024-09-27T07:16:17 UTC" duration-ms="1" status="PASS">
          <params>
            <param index="0">
              <value>
                <![CDATA[[TestResult name=createAndVerifyOrder status=SUCCESS method=WebOrder_Order_Test.createAndVerifyOrder(java.lang.String,java.lang.String,java.lang.String,java.lang.String,java.lang.String,java.lang.String,java.lang.String,java.lang.String,java.lang.String,java.lang.String,java.lang.String)[pri:2, instance:com.WebOrder.test.WebOrder_Order_Test@71d44a3] output={null}]]]>
              </value>
            </param>
          </params>
          <reporter-output>
          </reporter-output>
        </test-method> <!-- takeScreenshot -->
        <test-method signature="createAndVerifyOrder(java.lang.String,java.lang.String,java.lang.String,java.lang.String,java.lang.String,java.lang.String,java.lang.String,java.lang.String,java.lang.String,java.lang.String,java.lang.String)[pri:2, instance:com.WebOrder.test.WebOrder_Order_Test@71d44a3]" started-at="2024-09-27T07:16:17 UTC" name="createAndVerifyOrder" description="create and verify new Orders" data-provider="OrdersExcelData" finished-at="2024-09-27T07:16:32 UTC" duration-ms="14930" status="PASS">
          <params>
            <param index="0">
              <value>
                <![CDATA[MyMoney]]>
              </value>
            </param>
            <param index="1">
              <value>
                <![CDATA[]]>
              </value>
            </param>
            <param index="2">
              <value>
                <![CDATA[Vineet]]>
              </value>
            </param>
            <param index="3">
              <value>
                <![CDATA[123 main St]]>
              </value>
            </param>
            <param index="4">
              <value>
                <![CDATA[Dallas]]>
              </value>
            </param>
            <param index="5">
              <value>
                <![CDATA[ABC]]>
              </value>
            </param>
            <param index="6">
              <value>
                <![CDATA[10101]]>
              </value>
            </param>
            <param index="7">
              <value>
                <![CDATA[Visa]]>
              </value>
            </param>
            <param index="8">
              <value>
                <![CDATA[231232]]>
              </value>
            </param>
            <param index="9">
              <value>
                <![CDATA[12/29]]>
              </value>
            </param>
            <param index="10">
              <value>
                <![CDATA[empty_quantity]]>
              </value>
            </param>
          </params>
          <reporter-output>
          </reporter-output>
        </test-method> <!-- createAndVerifyOrder -->
        <test-method is-config="true" signature="takeScreenshot(org.testng.ITestResult)[pri:0, instance:com.WebOrder.test.WebOrder_Order_Test@71d44a3]" started-at="2024-09-27T07:16:32 UTC" name="takeScreenshot" finished-at="2024-09-27T07:16:32 UTC" duration-ms="0" status="PASS">
          <params>
            <param index="0">
              <value>
                <![CDATA[[TestResult name=createAndVerifyOrder status=SUCCESS method=WebOrder_Order_Test.createAndVerifyOrder(java.lang.String,java.lang.String,java.lang.String,java.lang.String,java.lang.String,java.lang.String,java.lang.String,java.lang.String,java.lang.String,java.lang.String,java.lang.String)[pri:2, instance:com.WebOrder.test.WebOrder_Order_Test@71d44a3] output={null}]]]>
              </value>
            </param>
          </params>
          <reporter-output>
          </reporter-output>
        </test-method> <!-- takeScreenshot -->
        <test-method signature="createAndVerifyOrder(java.lang.String,java.lang.String,java.lang.String,java.lang.String,java.lang.String,java.lang.String,java.lang.String,java.lang.String,java.lang.String,java.lang.String,java.lang.String)[pri:2, instance:com.WebOrder.test.WebOrder_Order_Test@71d44a3]" started-at="2024-09-27T07:16:32 UTC" name="createAndVerifyOrder" description="create and verify new Orders" data-provider="OrdersExcelData" finished-at="2024-09-27T07:16:37 UTC" duration-ms="5326" status="PASS">
          <params>
            <param index="0">
              <value>
                <![CDATA[ScreenSaver]]>
              </value>
            </param>
            <param index="1">
              <value>
                <![CDATA[0]]>
              </value>
            </param>
            <param index="2">
              <value>
                <![CDATA[Vineet2]]>
              </value>
            </param>
            <param index="3">
              <value>
                <![CDATA[123 main St]]>
              </value>
            </param>
            <param index="4">
              <value>
                <![CDATA[NY City]]>
              </value>
            </param>
            <param index="5">
              <value>
                <![CDATA[ABC]]>
              </value>
            </param>
            <param index="6">
              <value>
                <![CDATA[90909]]>
              </value>
            </param>
            <param index="7">
              <value>
                <![CDATA[Visa]]>
              </value>
            </param>
            <param index="8">
              <value>
                <![CDATA[231232]]>
              </value>
            </param>
            <param index="9">
              <value>
                <![CDATA[12/29]]>
              </value>
            </param>
            <param index="10">
              <value>
                <![CDATA[invalid_quantity]]>
              </value>
            </param>
          </params>
          <reporter-output>
          </reporter-output>
        </test-method> <!-- createAndVerifyOrder -->
        <test-method is-config="true" signature="takeScreenshot(org.testng.ITestResult)[pri:0, instance:com.WebOrder.test.WebOrder_Order_Test@71d44a3]" started-at="2024-09-27T07:16:37 UTC" name="takeScreenshot" finished-at="2024-09-27T07:16:37 UTC" duration-ms="1" status="PASS">
          <params>
            <param index="0">
              <value>
                <![CDATA[[TestResult name=createAndVerifyOrder status=SUCCESS method=WebOrder_Order_Test.createAndVerifyOrder(java.lang.String,java.lang.String,java.lang.String,java.lang.String,java.lang.String,java.lang.String,java.lang.String,java.lang.String,java.lang.String,java.lang.String,java.lang.String)[pri:2, instance:com.WebOrder.test.WebOrder_Order_Test@71d44a3] output={null}]]]>
              </value>
            </param>
          </params>
          <reporter-output>
          </reporter-output>
        </test-method> <!-- takeScreenshot -->
        <test-method signature="createAndVerifyOrder(java.lang.String,java.lang.String,java.lang.String,java.lang.String,java.lang.String,java.lang.String,java.lang.String,java.lang.String,java.lang.String,java.lang.String,java.lang.String)[pri:2, instance:com.WebOrder.test.WebOrder_Order_Test@71d44a3]" started-at="2024-09-27T07:16:37 UTC" name="createAndVerifyOrder" description="create and verify new Orders" data-provider="OrdersExcelData" finished-at="2024-09-27T07:16:42 UTC" duration-ms="5443" status="PASS">
          <params>
            <param index="0">
              <value>
                <![CDATA[MyMoney]]>
              </value>
            </param>
            <param index="1">
              <value>
                <![CDATA[1]]>
              </value>
            </param>
            <param index="2">
              <value>
                <![CDATA[ ]]>
              </value>
            </param>
            <param index="3">
              <value>
                <![CDATA[123 main St]]>
              </value>
            </param>
            <param index="4">
              <value>
                <![CDATA[Dallas]]>
              </value>
            </param>
            <param index="5">
              <value>
                <![CDATA[ABC]]>
              </value>
            </param>
            <param index="6">
              <value>
                <![CDATA[10101]]>
              </value>
            </param>
            <param index="7">
              <value>
                <![CDATA[Visa]]>
              </value>
            </param>
            <param index="8">
              <value>
                <![CDATA[231232]]>
              </value>
            </param>
            <param index="9">
              <value>
                <![CDATA[12/29]]>
              </value>
            </param>
            <param index="10">
              <value>
                <![CDATA[empty_name]]>
              </value>
            </param>
          </params>
          <reporter-output>
          </reporter-output>
        </test-method> <!-- createAndVerifyOrder -->
        <test-method is-config="true" signature="takeScreenshot(org.testng.ITestResult)[pri:0, instance:com.WebOrder.test.WebOrder_Order_Test@71d44a3]" started-at="2024-09-27T07:16:42 UTC" name="takeScreenshot" finished-at="2024-09-27T07:16:42 UTC" duration-ms="1" status="PASS">
          <params>
            <param index="0">
              <value>
                <![CDATA[[TestResult name=createAndVerifyOrder status=SUCCESS method=WebOrder_Order_Test.createAndVerifyOrder(java.lang.String,java.lang.String,java.lang.String,java.lang.String,java.lang.String,java.lang.String,java.lang.String,java.lang.String,java.lang.String,java.lang.String,java.lang.String)[pri:2, instance:com.WebOrder.test.WebOrder_Order_Test@71d44a3] output={null}]]]>
              </value>
            </param>
          </params>
          <reporter-output>
          </reporter-output>
        </test-method> <!-- takeScreenshot -->
        <test-method signature="createAndVerifyOrder(java.lang.String,java.lang.String,java.lang.String,java.lang.String,java.lang.String,java.lang.String,java.lang.String,java.lang.String,java.lang.String,java.lang.String,java.lang.String)[pri:2, instance:com.WebOrder.test.WebOrder_Order_Test@71d44a3]" started-at="2024-09-27T07:16:42 UTC" name="createAndVerifyOrder" description="create and verify new Orders" data-provider="OrdersExcelData" finished-at="2024-09-27T07:16:48 UTC" duration-ms="5352" status="PASS">
          <params>
            <param index="0">
              <value>
                <![CDATA[MyMoney]]>
              </value>
            </param>
            <param index="1">
              <value>
                <![CDATA[1]]>
              </value>
            </param>
            <param index="2">
              <value>
                <![CDATA[Vineet]]>
              </value>
            </param>
            <param index="3">
              <value>
                <![CDATA[ ]]>
              </value>
            </param>
            <param index="4">
              <value>
                <![CDATA[Dallas]]>
              </value>
            </param>
            <param index="5">
              <value>
                <![CDATA[ABC]]>
              </value>
            </param>
            <param index="6">
              <value>
                <![CDATA[10101]]>
              </value>
            </param>
            <param index="7">
              <value>
                <![CDATA[Visa]]>
              </value>
            </param>
            <param index="8">
              <value>
                <![CDATA[231232]]>
              </value>
            </param>
            <param index="9">
              <value>
                <![CDATA[12/29]]>
              </value>
            </param>
            <param index="10">
              <value>
                <![CDATA[empty_street]]>
              </value>
            </param>
          </params>
          <reporter-output>
          </reporter-output>
        </test-method> <!-- createAndVerifyOrder -->
        <test-method is-config="true" signature="takeScreenshot(org.testng.ITestResult)[pri:0, instance:com.WebOrder.test.WebOrder_Order_Test@71d44a3]" started-at="2024-09-27T07:16:48 UTC" name="takeScreenshot" finished-at="2024-09-27T07:16:48 UTC" duration-ms="0" status="PASS">
          <params>
            <param index="0">
              <value>
                <![CDATA[[TestResult name=createAndVerifyOrder status=SUCCESS method=WebOrder_Order_Test.createAndVerifyOrder(java.lang.String,java.lang.String,java.lang.String,java.lang.String,java.lang.String,java.lang.String,java.lang.String,java.lang.String,java.lang.String,java.lang.String,java.lang.String)[pri:2, instance:com.WebOrder.test.WebOrder_Order_Test@71d44a3] output={null}]]]>
              </value>
            </param>
          </params>
          <reporter-output>
          </reporter-output>
        </test-method> <!-- takeScreenshot -->
        <test-method signature="createAndVerifyOrder(java.lang.String,java.lang.String,java.lang.String,java.lang.String,java.lang.String,java.lang.String,java.lang.String,java.lang.String,java.lang.String,java.lang.String,java.lang.String)[pri:2, instance:com.WebOrder.test.WebOrder_Order_Test@71d44a3]" started-at="2024-09-27T07:16:48 UTC" name="createAndVerifyOrder" description="create and verify new Orders" data-provider="OrdersExcelData" finished-at="2024-09-27T07:16:52 UTC" duration-ms="4626" status="PASS">
          <params>
            <param index="0">
              <value>
                <![CDATA[ScreenSaver]]>
              </value>
            </param>
            <param index="1">
              <value>
                <![CDATA[34]]>
              </value>
            </param>
            <param index="2">
              <value>
                <![CDATA[Vineet2]]>
              </value>
            </param>
            <param index="3">
              <value>
                <![CDATA[123 main St]]>
              </value>
            </param>
            <param index="4">
              <value>
                <![CDATA[ ]]>
              </value>
            </param>
            <param index="5">
              <value>
                <![CDATA[ABC]]>
              </value>
            </param>
            <param index="6">
              <value>
                <![CDATA[90909]]>
              </value>
            </param>
            <param index="7">
              <value>
                <![CDATA[Visa]]>
              </value>
            </param>
            <param index="8">
              <value>
                <![CDATA[231232]]>
              </value>
            </param>
            <param index="9">
              <value>
                <![CDATA[12/29]]>
              </value>
            </param>
            <param index="10">
              <value>
                <![CDATA[empty_city]]>
              </value>
            </param>
          </params>
          <reporter-output>
          </reporter-output>
        </test-method> <!-- createAndVerifyOrder -->
        <test-method signature="createAndVerifyOrder(java.lang.String,java.lang.String,java.lang.String,java.lang.String,java.lang.String,java.lang.String,java.lang.String,java.lang.String,java.lang.String,java.lang.String,java.lang.String)[pri:2, instance:com.WebOrder.test.WebOrder_Order_Test@71d44a3]" started-at="2024-09-27T07:16:52 UTC" name="createAndVerifyOrder" description="create and verify new Orders" data-provider="OrdersExcelData" finished-at="2024-09-27T07:16:57 UTC" duration-ms="4658" status="PASS">
          <params>
            <param index="0">
              <value>
                <![CDATA[MyMoney]]>
              </value>
            </param>
            <param index="1">
              <value>
                <![CDATA[1]]>
              </value>
            </param>
            <param index="2">
              <value>
                <![CDATA[Vineet]]>
              </value>
            </param>
            <param index="3">
              <value>
                <![CDATA[123 main St]]>
              </value>
            </param>
            <param index="4">
              <value>
                <![CDATA[Dallas]]>
              </value>
            </param>
            <param index="5">
              <value>
                <![CDATA[ABC]]>
              </value>
            </param>
            <param index="6">
              <value>
                <![CDATA[ ]]>
              </value>
            </param>
            <param index="7">
              <value>
                <![CDATA[Visa]]>
              </value>
            </param>
            <param index="8">
              <value>
                <![CDATA[231232]]>
              </value>
            </param>
            <param index="9">
              <value>
                <![CDATA[12/29]]>
              </value>
            </param>
            <param index="10">
              <value>
                <![CDATA[empty_zip]]>
              </value>
            </param>
          </params>
          <reporter-output>
          </reporter-output>
        </test-method> <!-- createAndVerifyOrder -->
        <test-method is-config="true" signature="takeScreenshot(org.testng.ITestResult)[pri:0, instance:com.WebOrder.test.WebOrder_Order_Test@71d44a3]" started-at="2024-09-27T07:16:52 UTC" name="takeScreenshot" finished-at="2024-09-27T07:16:52 UTC" duration-ms="0" status="PASS">
          <params>
            <param index="0">
              <value>
                <![CDATA[[TestResult name=createAndVerifyOrder status=SUCCESS method=WebOrder_Order_Test.createAndVerifyOrder(java.lang.String,java.lang.String,java.lang.String,java.lang.String,java.lang.String,java.lang.String,java.lang.String,java.lang.String,java.lang.String,java.lang.String,java.lang.String)[pri:2, instance:com.WebOrder.test.WebOrder_Order_Test@71d44a3] output={null}]]]>
              </value>
            </param>
          </params>
          <reporter-output>
          </reporter-output>
        </test-method> <!-- takeScreenshot -->
        <test-method signature="createAndVerifyOrder(java.lang.String,java.lang.String,java.lang.String,java.lang.String,java.lang.String,java.lang.String,java.lang.String,java.lang.String,java.lang.String,java.lang.String,java.lang.String)[pri:2, instance:com.WebOrder.test.WebOrder_Order_Test@71d44a3]" started-at="2024-09-27T07:16:57 UTC" name="createAndVerifyOrder" description="create and verify new Orders" data-provider="OrdersExcelData" finished-at="2024-09-27T07:17:02 UTC" duration-ms="4680" status="PASS">
          <params>
            <param index="0">
              <value>
                <![CDATA[ScreenSaver]]>
              </value>
            </param>
            <param index="1">
              <value>
                <![CDATA[34]]>
              </value>
            </param>
            <param index="2">
              <value>
                <![CDATA[Vineet2]]>
              </value>
            </param>
            <param index="3">
              <value>
                <![CDATA[123 main St]]>
              </value>
            </param>
            <param index="4">
              <value>
                <![CDATA[NY City]]>
              </value>
            </param>
            <param index="5">
              <value>
                <![CDATA[ABC]]>
              </value>
            </param>
            <param index="6">
              <value>
                <![CDATA[asdasds]]>
              </value>
            </param>
            <param index="7">
              <value>
                <![CDATA[Visa]]>
              </value>
            </param>
            <param index="8">
              <value>
                <![CDATA[231232]]>
              </value>
            </param>
            <param index="9">
              <value>
                <![CDATA[12/29]]>
              </value>
            </param>
            <param index="10">
              <value>
                <![CDATA[invalid_zip]]>
              </value>
            </param>
          </params>
          <reporter-output>
          </reporter-output>
        </test-method> <!-- createAndVerifyOrder -->
        <test-method is-config="true" signature="takeScreenshot(org.testng.ITestResult)[pri:0, instance:com.WebOrder.test.WebOrder_Order_Test@71d44a3]" started-at="2024-09-27T07:16:57 UTC" name="takeScreenshot" finished-at="2024-09-27T07:16:57 UTC" duration-ms="0" status="PASS">
          <params>
            <param index="0">
              <value>
                <![CDATA[[TestResult name=createAndVerifyOrder status=SUCCESS method=WebOrder_Order_Test.createAndVerifyOrder(java.lang.String,java.lang.String,java.lang.String,java.lang.String,java.lang.String,java.lang.String,java.lang.String,java.lang.String,java.lang.String,java.lang.String,java.lang.String)[pri:2, instance:com.WebOrder.test.WebOrder_Order_Test@71d44a3] output={null}]]]>
              </value>
            </param>
          </params>
          <reporter-output>
          </reporter-output>
        </test-method> <!-- takeScreenshot -->
        <test-method is-config="true" signature="takeScreenshot(org.testng.ITestResult)[pri:0, instance:com.WebOrder.test.WebOrder_Order_Test@71d44a3]" started-at="2024-09-27T07:17:02 UTC" name="takeScreenshot" finished-at="2024-09-27T07:17:02 UTC" duration-ms="1" status="PASS">
          <params>
            <param index="0">
              <value>
                <![CDATA[[TestResult name=createAndVerifyOrder status=SUCCESS method=WebOrder_Order_Test.createAndVerifyOrder(java.lang.String,java.lang.String,java.lang.String,java.lang.String,java.lang.String,java.lang.String,java.lang.String,java.lang.String,java.lang.String,java.lang.String,java.lang.String)[pri:2, instance:com.WebOrder.test.WebOrder_Order_Test@71d44a3] output={null}]]]>
              </value>
            </param>
          </params>
          <reporter-output>
          </reporter-output>
        </test-method> <!-- takeScreenshot -->
        <test-method signature="createAndVerifyOrder(java.lang.String,java.lang.String,java.lang.String,java.lang.String,java.lang.String,java.lang.String,java.lang.String,java.lang.String,java.lang.String,java.lang.String,java.lang.String)[pri:2, instance:com.WebOrder.test.WebOrder_Order_Test@71d44a3]" started-at="2024-09-27T07:17:02 UTC" name="createAndVerifyOrder" description="create and verify new Orders" data-provider="OrdersExcelData" finished-at="2024-09-27T07:17:06 UTC" duration-ms="4520" status="PASS">
          <params>
            <param index="0">
              <value>
                <![CDATA[MyMoney]]>
              </value>
            </param>
            <param index="1">
              <value>
                <![CDATA[1]]>
              </value>
            </param>
            <param index="2">
              <value>
                <![CDATA[Vineet]]>
              </value>
            </param>
            <param index="3">
              <value>
                <![CDATA[123 main St]]>
              </value>
            </param>
            <param index="4">
              <value>
                <![CDATA[Dallas]]>
              </value>
            </param>
            <param index="5">
              <value>
                <![CDATA[ABC]]>
              </value>
            </param>
            <param index="6">
              <value>
                <![CDATA[10101]]>
              </value>
            </param>
            <param index="7">
              <value>
                <![CDATA[Visa]]>
              </value>
            </param>
            <param index="8">
              <value>
                <![CDATA[ ]]>
              </value>
            </param>
            <param index="9">
              <value>
                <![CDATA[12/29]]>
              </value>
            </param>
            <param index="10">
              <value>
                <![CDATA[empty_cardnr]]>
              </value>
            </param>
          </params>
          <reporter-output>
          </reporter-output>
        </test-method> <!-- createAndVerifyOrder -->
        <test-method is-config="true" signature="takeScreenshot(org.testng.ITestResult)[pri:0, instance:com.WebOrder.test.WebOrder_Order_Test@71d44a3]" started-at="2024-09-27T07:17:06 UTC" name="takeScreenshot" finished-at="2024-09-27T07:17:06 UTC" duration-ms="2" status="PASS">
          <params>
            <param index="0">
              <value>
                <![CDATA[[TestResult name=createAndVerifyOrder status=SUCCESS method=WebOrder_Order_Test.createAndVerifyOrder(java.lang.String,java.lang.String,java.lang.String,java.lang.String,java.lang.String,java.lang.String,java.lang.String,java.lang.String,java.lang.String,java.lang.String,java.lang.String)[pri:2, instance:com.WebOrder.test.WebOrder_Order_Test@71d44a3] output={null}]]]>
              </value>
            </param>
          </params>
          <reporter-output>
          </reporter-output>
        </test-method> <!-- takeScreenshot -->
        <test-method signature="createAndVerifyOrder(java.lang.String,java.lang.String,java.lang.String,java.lang.String,java.lang.String,java.lang.String,java.lang.String,java.lang.String,java.lang.String,java.lang.String,java.lang.String)[pri:2, instance:com.WebOrder.test.WebOrder_Order_Test@71d44a3]" started-at="2024-09-27T07:17:06 UTC" name="createAndVerifyOrder" description="create and verify new Orders" data-provider="OrdersExcelData" finished-at="2024-09-27T07:17:11 UTC" duration-ms="4698" status="PASS">
          <params>
            <param index="0">
              <value>
                <![CDATA[ScreenSaver]]>
              </value>
            </param>
            <param index="1">
              <value>
                <![CDATA[34]]>
              </value>
            </param>
            <param index="2">
              <value>
                <![CDATA[Vineet2]]>
              </value>
            </param>
            <param index="3">
              <value>
                <![CDATA[123 main St]]>
              </value>
            </param>
            <param index="4">
              <value>
                <![CDATA[NY City]]>
              </value>
            </param>
            <param index="5">
              <value>
                <![CDATA[ABC]]>
              </value>
            </param>
            <param index="6">
              <value>
                <![CDATA[90909]]>
              </value>
            </param>
            <param index="7">
              <value>
                <![CDATA[Visa]]>
              </value>
            </param>
            <param index="8">
              <value>
                <![CDATA[dsadsadsada]]>
              </value>
            </param>
            <param index="9">
              <value>
                <![CDATA[12/29]]>
              </value>
            </param>
            <param index="10">
              <value>
                <![CDATA[invalid_cardnr]]>
              </value>
            </param>
          </params>
          <reporter-output>
          </reporter-output>
        </test-method> <!-- createAndVerifyOrder -->
        <test-method signature="createAndVerifyOrder(java.lang.String,java.lang.String,java.lang.String,java.lang.String,java.lang.String,java.lang.String,java.lang.String,java.lang.String,java.lang.String,java.lang.String,java.lang.String)[pri:2, instance:com.WebOrder.test.WebOrder_Order_Test@71d44a3]" started-at="2024-09-27T07:17:11 UTC" name="createAndVerifyOrder" description="create and verify new Orders" data-provider="OrdersExcelData" finished-at="2024-09-27T07:17:16 UTC" duration-ms="4651" status="PASS">
          <params>
            <param index="0">
              <value>
                <![CDATA[MyMoney]]>
              </value>
            </param>
            <param index="1">
              <value>
                <![CDATA[1]]>
              </value>
            </param>
            <param index="2">
              <value>
                <![CDATA[Vineet]]>
              </value>
            </param>
            <param index="3">
              <value>
                <![CDATA[123 main St]]>
              </value>
            </param>
            <param index="4">
              <value>
                <![CDATA[Dallas]]>
              </value>
            </param>
            <param index="5">
              <value>
                <![CDATA[ABC]]>
              </value>
            </param>
            <param index="6">
              <value>
                <![CDATA[10101]]>
              </value>
            </param>
            <param index="7">
              <value>
                <![CDATA[Visa]]>
              </value>
            </param>
            <param index="8">
              <value>
                <![CDATA[213213]]>
              </value>
            </param>
            <param index="9">
              <value>
                <![CDATA[ ]]>
              </value>
            </param>
            <param index="10">
              <value>
                <![CDATA[empty_expdate]]>
              </value>
            </param>
          </params>
          <reporter-output>
          </reporter-output>
        </test-method> <!-- createAndVerifyOrder -->
        <test-method is-config="true" signature="takeScreenshot(org.testng.ITestResult)[pri:0, instance:com.WebOrder.test.WebOrder_Order_Test@71d44a3]" started-at="2024-09-27T07:17:11 UTC" name="takeScreenshot" finished-at="2024-09-27T07:17:11 UTC" duration-ms="0" status="PASS">
          <params>
            <param index="0">
              <value>
                <![CDATA[[TestResult name=createAndVerifyOrder status=SUCCESS method=WebOrder_Order_Test.createAndVerifyOrder(java.lang.String,java.lang.String,java.lang.String,java.lang.String,java.lang.String,java.lang.String,java.lang.String,java.lang.String,java.lang.String,java.lang.String,java.lang.String)[pri:2, instance:com.WebOrder.test.WebOrder_Order_Test@71d44a3] output={null}]]]>
              </value>
            </param>
          </params>
          <reporter-output>
          </reporter-output>
        </test-method> <!-- takeScreenshot -->
        <test-method is-config="true" signature="takeScreenshot(org.testng.ITestResult)[pri:0, instance:com.WebOrder.test.WebOrder_Order_Test@71d44a3]" started-at="2024-09-27T07:17:16 UTC" name="takeScreenshot" finished-at="2024-09-27T07:17:16 UTC" duration-ms="1" status="PASS">
          <params>
            <param index="0">
              <value>
                <![CDATA[[TestResult name=createAndVerifyOrder status=SUCCESS method=WebOrder_Order_Test.createAndVerifyOrder(java.lang.String,java.lang.String,java.lang.String,java.lang.String,java.lang.String,java.lang.String,java.lang.String,java.lang.String,java.lang.String,java.lang.String,java.lang.String)[pri:2, instance:com.WebOrder.test.WebOrder_Order_Test@71d44a3] output={null}]]]>
              </value>
            </param>
          </params>
          <reporter-output>
          </reporter-output>
        </test-method> <!-- takeScreenshot -->
        <test-method signature="createAndVerifyOrder(java.lang.String,java.lang.String,java.lang.String,java.lang.String,java.lang.String,java.lang.String,java.lang.String,java.lang.String,java.lang.String,java.lang.String,java.lang.String)[pri:2, instance:com.WebOrder.test.WebOrder_Order_Test@71d44a3]" started-at="2024-09-27T07:17:16 UTC" name="createAndVerifyOrder" description="create and verify new Orders" data-provider="OrdersExcelData" finished-at="2024-09-27T07:17:20 UTC" duration-ms="4387" status="PASS">
          <params>
            <param index="0">
              <value>
                <![CDATA[MyMoney]]>
              </value>
            </param>
            <param index="1">
              <value>
                <![CDATA[1]]>
              </value>
            </param>
            <param index="2">
              <value>
                <![CDATA[Vineet]]>
              </value>
            </param>
            <param index="3">
              <value>
                <![CDATA[123 main St]]>
              </value>
            </param>
            <param index="4">
              <value>
                <![CDATA[Dallas]]>
              </value>
            </param>
            <param index="5">
              <value>
                <![CDATA[ABC]]>
              </value>
            </param>
            <param index="6">
              <value>
                <![CDATA[10101]]>
              </value>
            </param>
            <param index="7">
              <value>
                <![CDATA[Visa]]>
              </value>
            </param>
            <param index="8">
              <value>
                <![CDATA[2132131]]>
              </value>
            </param>
            <param index="9">
              <value>
                <![CDATA[dsss]]>
              </value>
            </param>
            <param index="10">
              <value>
                <![CDATA[invalid_date]]>
              </value>
            </param>
          </params>
          <reporter-output>
          </reporter-output>
        </test-method> <!-- createAndVerifyOrder -->
        <test-method is-config="true" signature="takeScreenshot(org.testng.ITestResult)[pri:0, instance:com.WebOrder.test.WebOrder_Order_Test@71d44a3]" started-at="2024-09-27T07:17:20 UTC" name="takeScreenshot" finished-at="2024-09-27T07:17:20 UTC" duration-ms="1" status="PASS">
          <params>
            <param index="0">
              <value>
                <![CDATA[[TestResult name=createAndVerifyOrder status=SUCCESS method=WebOrder_Order_Test.createAndVerifyOrder(java.lang.String,java.lang.String,java.lang.String,java.lang.String,java.lang.String,java.lang.String,java.lang.String,java.lang.String,java.lang.String,java.lang.String,java.lang.String)[pri:2, instance:com.WebOrder.test.WebOrder_Order_Test@71d44a3] output={null}]]]>
              </value>
            </param>
          </params>
          <reporter-output>
          </reporter-output>
        </test-method> <!-- takeScreenshot -->
        <test-method signature="createAndVerifyOrder(java.lang.String,java.lang.String,java.lang.String,java.lang.String,java.lang.String,java.lang.String,java.lang.String,java.lang.String,java.lang.String,java.lang.String,java.lang.String)[pri:2, instance:com.WebOrder.test.WebOrder_Order_Test@71d44a3]" started-at="2024-09-27T07:17:20 UTC" name="createAndVerifyOrder" description="create and verify new Orders" data-provider="OrdersExcelData" finished-at="2024-09-27T07:17:25 UTC" duration-ms="4550" status="PASS">
          <params>
            <param index="0">
              <value>
                <![CDATA[ScreenSaver]]>
              </value>
            </param>
            <param index="1">
              <value>
                <![CDATA[34]]>
              </value>
            </param>
            <param index="2">
              <value>
                <![CDATA[Vineet2]]>
              </value>
            </param>
            <param index="3">
              <value>
                <![CDATA[123 main St]]>
              </value>
            </param>
            <param index="4">
              <value>
                <![CDATA[NY City]]>
              </value>
            </param>
            <param index="5">
              <value>
                <![CDATA[ABC]]>
              </value>
            </param>
            <param index="6">
              <value>
                <![CDATA[90909]]>
              </value>
            </param>
            <param index="7">
              <value>
                <![CDATA[Visa]]>
              </value>
            </param>
            <param index="8">
              <value>
                <![CDATA[123213123]]>
              </value>
            </param>
            <param index="9">
              <value>
                <![CDATA[12/29]]>
              </value>
            </param>
            <param index="10">
              <value>
                <![CDATA[invalid_date]]>
              </value>
            </param>
          </params>
          <reporter-output>
          </reporter-output>
        </test-method> <!-- createAndVerifyOrder -->
        <test-method is-config="true" signature="takeScreenshot(org.testng.ITestResult)[pri:0, instance:com.WebOrder.test.WebOrder_Order_Test@71d44a3]" started-at="2024-09-27T07:17:25 UTC" name="takeScreenshot" finished-at="2024-09-27T07:17:25 UTC" duration-ms="1" status="PASS">
          <params>
            <param index="0">
              <value>
                <![CDATA[[TestResult name=createAndVerifyOrder status=SUCCESS method=WebOrder_Order_Test.createAndVerifyOrder(java.lang.String,java.lang.String,java.lang.String,java.lang.String,java.lang.String,java.lang.String,java.lang.String,java.lang.String,java.lang.String,java.lang.String,java.lang.String)[pri:2, instance:com.WebOrder.test.WebOrder_Order_Test@71d44a3] output={null}]]]>
              </value>
            </param>
          </params>
          <reporter-output>
          </reporter-output>
        </test-method> <!-- takeScreenshot -->
        <test-method is-config="true" signature="tearDown()[pri:0, instance:com.WebOrder.test.WebOrder_Order_Test@71d44a3]" started-at="2024-09-27T07:17:25 UTC" name="tearDown" finished-at="2024-09-27T07:17:26 UTC" duration-ms="1598" status="PASS">
          <reporter-output>
          </reporter-output>
        </test-method> <!-- tearDown -->
      </class> <!-- com.WebOrder.test.WebOrder_Order_Test -->
    </test> <!-- test-1 -->
  </suite> <!-- Page Object test example -->
</testng-results>
